-------------------------------------------------------------------------------
Test set: com.mycompany.quickchat.MessageIT
-------------------------------------------------------------------------------
Tests run: 9, Failures: 0, Errors: 9, Skipped: 0, Time elapsed: 0.086 s <<< FAILURE! -- in com.mycompany.quickchat.MessageIT
com.mycompany.quickchat.MessageIT.testReturnTotalMessagess -- Time elapsed: 0.029 s <<< ERROR!
java.lang.NullPointerException: Cannot invoke "com.mycompany.quickchat.Message.returnTotalMessagess()" because "instance" is null
	at com.mycompany.quickchat.MessageIT.testReturnTotalMessagess(MessageIT.java:132)
	at java.base/java.lang.reflect.Method.invoke(Method.java:565)
	at java.base/java.util.ArrayList.forEach(ArrayList.java:1604)
	at java.base/java.util.ArrayList.forEach(ArrayList.java:1604)

com.mycompany.quickchat.MessageIT.testStoreMessage -- Time elapsed: 0.003 s <<< ERROR!
java.lang.NullPointerException: Cannot invoke "com.mycompany.quickchat.Message.storeMessage()" because "instance" is null
	at com.mycompany.quickchat.MessageIT.testStoreMessage(MessageIT.java:145)
	at java.base/java.lang.reflect.Method.invoke(Method.java:565)
	at java.base/java.util.ArrayList.forEach(ArrayList.java:1604)
	at java.base/java.util.ArrayList.forEach(ArrayList.java:1604)

com.mycompany.quickchat.MessageIT.testCheckMessageID -- Time elapsed: 0.002 s <<< ERROR!
java.lang.NullPointerException: Cannot invoke "com.mycompany.quickchat.Message.checkMessageID()" because "instance" is null
	at com.mycompany.quickchat.MessageIT.testCheckMessageID(MessageIT.java:47)
	at java.base/java.lang.reflect.Method.invoke(Method.java:565)
	at java.base/java.util.ArrayList.forEach(ArrayList.java:1604)
	at java.base/java.util.ArrayList.forEach(ArrayList.java:1604)

com.mycompany.quickchat.MessageIT.testCheckRecipientCell -- Time elapsed: 0.003 s <<< ERROR!
java.lang.NullPointerException: Cannot invoke "com.mycompany.quickchat.Message.checkRecipientCell()" because "instance" is null
	at com.mycompany.quickchat.MessageIT.testCheckRecipientCell(MessageIT.java:61)
	at java.base/java.lang.reflect.Method.invoke(Method.java:565)
	at java.base/java.util.ArrayList.forEach(ArrayList.java:1604)
	at java.base/java.util.ArrayList.forEach(ArrayList.java:1604)

com.mycompany.quickchat.MessageIT.testGetMessageID -- Time elapsed: 0.003 s <<< ERROR!
java.lang.NullPointerException: Cannot invoke "com.mycompany.quickchat.Message.getMessageID()" because "instance" is null
	at com.mycompany.quickchat.MessageIT.testGetMessageID(MessageIT.java:158)
	at java.base/java.lang.reflect.Method.invoke(Method.java:565)
	at java.base/java.util.ArrayList.forEach(ArrayList.java:1604)
	at java.base/java.util.ArrayList.forEach(ArrayList.java:1604)

com.mycompany.quickchat.MessageIT.testCheckMessageLength -- Time elapsed: 0.001 s <<< ERROR!
java.lang.NullPointerException: Cannot invoke "com.mycompany.quickchat.Message.checkMessageLength()" because "instance" is null
	at com.mycompany.quickchat.MessageIT.testCheckMessageLength(MessageIT.java:75)
	at java.base/java.lang.reflect.Method.invoke(Method.java:565)
	at java.base/java.util.ArrayList.forEach(ArrayList.java:1604)
	at java.base/java.util.ArrayList.forEach(ArrayList.java:1604)

com.mycompany.quickchat.MessageIT.testPrintMessages -- Time elapsed: 0.002 s <<< ERROR!
java.lang.NullPointerException: Cannot invoke "com.mycompany.quickchat.Message.printMessages()" because "instance" is null
	at com.mycompany.quickchat.MessageIT.testPrintMessages(MessageIT.java:118)
	at java.base/java.lang.reflect.Method.invoke(Method.java:565)
	at java.base/java.util.ArrayList.forEach(ArrayList.java:1604)
	at java.base/java.util.ArrayList.forEach(ArrayList.java:1604)

com.mycompany.quickchat.MessageIT.testCreateMessageHash -- Time elapsed: 0.002 s <<< ERROR!
java.lang.NullPointerException: Cannot invoke "com.mycompany.quickchat.Message.createMessageHash()" because "instance" is null
	at com.mycompany.quickchat.MessageIT.testCreateMessageHash(MessageIT.java:89)
	at java.base/java.lang.reflect.Method.invoke(Method.java:565)
	at java.base/java.util.ArrayList.forEach(ArrayList.java:1604)
	at java.base/java.util.ArrayList.forEach(ArrayList.java:1604)

com.mycompany.quickchat.MessageIT.testSentMessage -- Time elapsed: 0.001 s <<< ERROR!
java.lang.NullPointerException: Cannot invoke "com.mycompany.quickchat.Message.SentMessage(int)" because "instance" is null
	at com.mycompany.quickchat.MessageIT.testSentMessage(MessageIT.java:104)
	at java.base/java.lang.reflect.Method.invoke(Method.java:565)
	at java.base/java.util.ArrayList.forEach(ArrayList.java:1604)
	at java.base/java.util.ArrayList.forEach(ArrayList.java:1604)

