<?xml version="1.0" encoding="UTF-8"?>
<testsuite xmlns:xsi="http://www.w3.org/2001/XMLSchema-instance" xsi:noNamespaceSchemaLocation="https://maven.apache.org/surefire/maven-failsafe-plugin/xsd/failsafe-test-report.xsd" version="3.0.2" name="com.mycompany.quickchat.MessageIT" time="0.086" tests="9" errors="9" skipped="0" failures="0" flakes="0">
  <properties>
[...]
</properties>
  <testcase name="testReturnTotalMessagess" classname="com.mycompany.quickchat.MessageIT" time="0.029">
    <error message="Cannot invoke &quot;com.mycompany.quickchat.Message.returnTotalMessagess()&quot; because &quot;instance&quot; is null" type="java.lang.NullPointerException"><![CDATA[java.lang.NullPointerException: Cannot invoke "com.mycompany.quickchat.Message.returnTotalMessagess()" because "instance" is null
	at com.mycompany.quickchat.MessageIT.testReturnTotalMessagess(MessageIT.java:132)
	at java.base/java.lang.reflect.Method.invoke(Method.java:565)
	at java.base/java.util.ArrayList.forEach(ArrayList.java:1604)
	at java.base/java.util.ArrayList.forEach(ArrayList.java:1604)
]]></error>
    <system-out><![CDATA[returnTotalMessagess
]]></system-out>
  </testcase>
  <testcase name="testStoreMessage" classname="com.mycompany.quickchat.MessageIT" time="0.003">
    <error message="Cannot invoke &quot;com.mycompany.quickchat.Message.storeMessage()&quot; because &quot;instance&quot; is null" type="java.lang.NullPointerException"><![CDATA[java.lang.NullPointerException: Cannot invoke "com.mycompany.quickchat.Message.storeMessage()" because "instance" is null
	at com.mycompany.quickchat.MessageIT.testStoreMessage(MessageIT.java:145)
	at java.base/java.lang.reflect.Method.invoke(Method.java:565)
	at java.base/java.util.ArrayList.forEach(ArrayList.java:1604)
	at java.base/java.util.ArrayList.forEach(ArrayList.java:1604)
]]></error>
    <system-out><![CDATA[storeMessage
]]></system-out>
  </testcase>
  <testcase name="testCheckMessageID" classname="com.mycompany.quickchat.MessageIT" time="0.002">
    <error message="Cannot invoke &quot;com.mycompany.quickchat.Message.checkMessageID()&quot; because &quot;instance&quot; is null" type="java.lang.NullPointerException"><![CDATA[java.lang.NullPointerException: Cannot invoke "com.mycompany.quickchat.Message.checkMessageID()" because "instance" is null
	at com.mycompany.quickchat.MessageIT.testCheckMessageID(MessageIT.java:47)
	at java.base/java.lang.reflect.Method.invoke(Method.java:565)
	at java.base/java.util.ArrayList.forEach(ArrayList.java:1604)
	at java.base/java.util.ArrayList.forEach(ArrayList.java:1604)
]]></error>
    <system-out><![CDATA[checkMessageID
]]></system-out>
  </testcase>
  <testcase name="testCheckRecipientCell" classname="com.mycompany.quickchat.MessageIT" time="0.003">
    <error message="Cannot invoke &quot;com.mycompany.quickchat.Message.checkRecipientCell()&quot; because &quot;instance&quot; is null" type="java.lang.NullPointerException"><![CDATA[java.lang.NullPointerException: Cannot invoke "com.mycompany.quickchat.Message.checkRecipientCell()" because "instance" is null
	at com.mycompany.quickchat.MessageIT.testCheckRecipientCell(MessageIT.java:61)
	at java.base/java.lang.reflect.Method.invoke(Method.java:565)
	at java.base/java.util.ArrayList.forEach(ArrayList.java:1604)
	at java.base/java.util.ArrayList.forEach(ArrayList.java:1604)
]]></error>
    <system-out><![CDATA[checkRecipientCell
]]></system-out>
  </testcase>
  <testcase name="testGetMessageID" classname="com.mycompany.quickchat.MessageIT" time="0.003">
    <error message="Cannot invoke &quot;com.mycompany.quickchat.Message.getMessageID()&quot; because &quot;instance&quot; is null" type="java.lang.NullPointerException"><![CDATA[java.lang.NullPointerException: Cannot invoke "com.mycompany.quickchat.Message.getMessageID()" because "instance" is null
	at com.mycompany.quickchat.MessageIT.testGetMessageID(MessageIT.java:158)
	at java.base/java.lang.reflect.Method.invoke(Method.java:565)
	at java.base/java.util.ArrayList.forEach(ArrayList.java:1604)
	at java.base/java.util.ArrayList.forEach(ArrayList.java:1604)
]]></error>
    <system-out><![CDATA[getMessageID
]]></system-out>
  </testcase>
  <testcase name="testCheckMessageLength" classname="com.mycompany.quickchat.MessageIT" time="0.001">
    <error message="Cannot invoke &quot;com.mycompany.quickchat.Message.checkMessageLength()&quot; because &quot;instance&quot; is null" type="java.lang.NullPointerException"><![CDATA[java.lang.NullPointerException: Cannot invoke "com.mycompany.quickchat.Message.checkMessageLength()" because "instance" is null
	at com.mycompany.quickchat.MessageIT.testCheckMessageLength(MessageIT.java:75)
	at java.base/java.lang.reflect.Method.invoke(Method.java:565)
	at java.base/java.util.ArrayList.forEach(ArrayList.java:1604)
	at java.base/java.util.ArrayList.forEach(ArrayList.java:1604)
]]></error>
    <system-out><![CDATA[checkMessageLength
]]></system-out>
  </testcase>
  <testcase name="testPrintMessages" classname="com.mycompany.quickchat.MessageIT" time="0.002">
    <error message="Cannot invoke &quot;com.mycompany.quickchat.Message.printMessages()&quot; because &quot;instance&quot; is null" type="java.lang.NullPointerException"><![CDATA[java.lang.NullPointerException: Cannot invoke "com.mycompany.quickchat.Message.printMessages()" because "instance" is null
	at com.mycompany.quickchat.MessageIT.testPrintMessages(MessageIT.java:118)
	at java.base/java.lang.reflect.Method.invoke(Method.java:565)
	at java.base/java.util.ArrayList.forEach(ArrayList.java:1604)
	at java.base/java.util.ArrayList.forEach(ArrayList.java:1604)
]]></error>
    <system-out><![CDATA[printMessages
]]></system-out>
  </testcase>
  <testcase name="testCreateMessageHash" classname="com.mycompany.quickchat.MessageIT" time="0.002">
    <error message="Cannot invoke &quot;com.mycompany.quickchat.Message.createMessageHash()&quot; because &quot;instance&quot; is null" type="java.lang.NullPointerException"><![CDATA[java.lang.NullPointerException: Cannot invoke "com.mycompany.quickchat.Message.createMessageHash()" because "instance" is null
	at com.mycompany.quickchat.MessageIT.testCreateMessageHash(MessageIT.java:89)
	at java.base/java.lang.reflect.Method.invoke(Method.java:565)
	at java.base/java.util.ArrayList.forEach(ArrayList.java:1604)
	at java.base/java.util.ArrayList.forEach(ArrayList.java:1604)
]]></error>
    <system-out><![CDATA[createMessageHash
]]></system-out>
  </testcase>
  <testcase name="testSentMessage" classname="com.mycompany.quickchat.MessageIT" time="0.001">
    <error message="Cannot invoke &quot;com.mycompany.quickchat.Message.SentMessage(int)&quot; because &quot;instance&quot; is null" type="java.lang.NullPointerException"><![CDATA[java.lang.NullPointerException: Cannot invoke "com.mycompany.quickchat.Message.SentMessage(int)" because "instance" is null
	at com.mycompany.quickchat.MessageIT.testSentMessage(MessageIT.java:104)
	at java.base/java.lang.reflect.Method.invoke(Method.java:565)
	at java.base/java.util.ArrayList.forEach(ArrayList.java:1604)
	at java.base/java.util.ArrayList.forEach(ArrayList.java:1604)
]]></error>
    <system-out><![CDATA[SentMessage
]]></system-out>
  </testcase>
</testsuite>