<?xml version="1.0" encoding="UTF-8"?>
<testsuite xmlns:xsi="http://www.w3.org/2001/XMLSchema-instance" xsi:noNamespaceSchemaLocation="https://maven.apache.org/surefire/maven-failsafe-plugin/xsd/failsafe-test-report.xsd" version="3.0.2" name="com.mycompany.quickchat.LoginIT" time="0.082" tests="16" errors="0" skipped="0" failures="0" flakes="0">
  <properties>
[...]
</properties>
  <testcase name="testCheckUserNameInvalid" classname="com.mycompany.quickchat.LoginIT" time="0.026"/>
  <testcase name="testLoginUserSuccessAfterRegistration" classname="com.mycompany.quickchat.LoginIT" time="0.005"/>
  <testcase name="testCheckPasswordComplexityValid" classname="com.mycompany.quickchat.LoginIT" time="0.001"/>
  <testcase name="testRegisterUserInvalidUsername" classname="com.mycompany.quickchat.LoginIT" time="0.001"/>
  <testcase name="testRegisterUserSuccess" classname="com.mycompany.quickchat.LoginIT" time="0.001"/>
  <testcase name="testCheckPhoneNumberValid" classname="com.mycompany.quickchat.LoginIT" time="0.003"/>
  <testcase name="testCheckPasswordComplexityInvalid" classname="com.mycompany.quickchat.LoginIT" time="0.001"/>
  <testcase name="testLoginUserNonExistent" classname="com.mycompany.quickchat.LoginIT" time="0.001"/>
  <testcase name="testRegisterUserInvalidPassword" classname="com.mycompany.quickchat.LoginIT" time="0.001"/>
  <testcase name="testReturnLoginStatusTrue" classname="com.mycompany.quickchat.LoginIT" time="0.001"/>
  <testcase name="testReturnLoginStatusFalse" classname="com.mycompany.quickchat.LoginIT" time="0.001"/>
  <testcase name="testRegisterUserInvalidPhone" classname="com.mycompany.quickchat.LoginIT" time="0.001"/>
  <testcase name="testCheckPhoneNumberInvalid" classname="com.mycompany.quickchat.LoginIT" time="0.001"/>
  <testcase name="testGetPhoneNumber" classname="com.mycompany.quickchat.LoginIT" time="0.001"/>
  <testcase name="testLoginUserWrongPassword" classname="com.mycompany.quickchat.LoginIT" time="0.001"/>
  <testcase name="testCheckUserNameValid" classname="com.mycompany.quickchat.LoginIT" time="0.001"/>
</testsuite>